# JRE version: Java(TM) SE Runtime Environment (8.0_121-b13) (build 1.8.0_121-b13)
# Java VM: Java HotSpot(TM) 64-Bit Server VM (25.121-b13 mixed mode windows-amd64 compressed oops)
Heap:
 PSYoungGen      total 202752K, used 86822K [0x00000000d5d80000, 0x00000000e5d80000, 0x0000000100000000)
  eden space 187392K, 38% used [0x00000000d5d80000,0x00000000da34aa70,0x00000000e1480000)
  from space 15360K, 99% used [0x00000000e1480000,0x00000000e237f028,0x00000000e2380000)
  to   space 17920K, 0% used [0x00000000e4c00000,0x00000000e4c00000,0x00000000e5d80000)
 ParOldGen       total 102912K, used 26019K [0x0000000081800000, 0x0000000087c80000, 0x00000000d5d80000)
  object space 102912K, 25% used [0x0000000081800000,0x0000000083168fa8,0x0000000087c80000)
 Metaspace       used 57632K, capacity 58276K, committed 58664K, reserved 1099776K
  class space    used 7503K, capacity 7637K, committed 7720K, reserved 1048576K
GC Heap History (10 events):
Event: 4.539 GC heap before
{Heap before GC invocations=9 (full 1):
 PSYoungGen      total 140800K, used 113074K [0x00000000d5d80000, 0x00000000e0800000, 0x0000000100000000)
  eden space 129536K, 80% used [0x00000000d5d80000,0x00000000dc2edc30,0x00000000ddc00000)
  from space 11264K, 81% used [0x00000000ddc00000,0x00000000de4fec48,0x00000000de700000)
  to   space 11264K, 0% used [0x00000000dfd00000,0x00000000dfd00000,0x00000000e0800000)
 ParOldGen       total 87552K, used 12487K [0x0000000081800000, 0x0000000086d80000, 0x00000000d5d80000)
  object space 87552K, 14% used [0x0000000081800000,0x0000000082431e50,0x0000000086d80000)
 Metaspace       used 34990K, capacity 35374K, committed 35496K, reserved 1081344K
  class space    used 4399K, capacity 4496K, committed 4520K, reserved 1048576K
Event: 4.548 GC heap after
Heap after GC invocations=9 (full 1):
 PSYoungGen      total 162304K, used 11252K [0x00000000d5d80000, 0x00000000e2e80000, 0x0000000100000000)
  eden space 151040K, 0% used [0x00000000d5d80000,0x00000000d5d80000,0x00000000df100000)
  from space 11264K, 99% used [0x00000000dfd00000,0x00000000e07fd288,0x00000000e0800000)
  to   space 12288K, 0% used [0x00000000df100000,0x00000000df100000,0x00000000dfd00000)
 ParOldGen       total 87552K, used 12722K [0x0000000081800000, 0x0000000086d80000, 0x00000000d5d80000)
  object space 87552K, 14% used [0x0000000081800000,0x000000008246c9f0,0x0000000086d80000)
 Metaspace       used 34990K, capacity 35374K, committed 35496K, reserved 1081344K
  class space    used 4399K, capacity 4496K, committed 4520K, reserved 1048576K
}
Event: 4.548 GC heap before
{Heap before GC invocations=10 (full 2):
 PSYoungGen      total 162304K, used 11252K [0x00000000d5d80000, 0x00000000e2e80000, 0x0000000100000000)
  eden space 151040K, 0% used [0x00000000d5d80000,0x00000000d5d80000,0x00000000df100000)
  from space 11264K, 99% used [0x00000000dfd00000,0x00000000e07fd288,0x00000000e0800000)
  to   space 12288K, 0% used [0x00000000df100000,0x00000000df100000,0x00000000dfd00000)
 ParOldGen       total 87552K, used 12722K [0x0000000081800000, 0x0000000086d80000, 0x00000000d5d80000)
  object space 87552K, 14% used [0x0000000081800000,0x000000008246c9f0,0x0000000086d80000)
 Metaspace       used 34990K, capacity 35374K, committed 35496K, reserved 1081344K
  class space    used 4399K, capacity 4496K, committed 4520K, reserved 1048576K
Event: 4.618 GC heap after
Heap after GC invocations=10 (full 2):
 PSYoungGen      total 162304K, used 0K [0x00000000d5d80000, 0x00000000e2e80000, 0x0000000100000000)
  eden space 151040K, 0% used [0x00000000d5d80000,0x00000000d5d80000,0x00000000df100000)
  from space 11264K, 0% used [0x00000000dfd00000,0x00000000dfd00000,0x00000000e0800000)
  to   space 12288K, 0% used [0x00000000df100000,0x00000000df100000,0x00000000dfd00000)
 ParOldGen       total 102912K, used 21165K [0x0000000081800000, 0x0000000087c80000, 0x00000000d5d80000)
  object space 102912K, 20% used [0x0000000081800000,0x0000000082cab778,0x0000000087c80000)
 Metaspace       used 34990K, capacity 35374K, committed 35496K, reserved 1081344K
  class space    used 4399K, capacity 4496K, committed 4520K, reserved 1048576K
}
Event: 6.111 GC heap before
{Heap before GC invocations=11 (full 2):
 PSYoungGen      total 162304K, used 151040K [0x00000000d5d80000, 0x00000000e2e80000, 0x0000000100000000)
  eden space 151040K, 100% used [0x00000000d5d80000,0x00000000df100000,0x00000000df100000)
  from space 11264K, 0% used [0x00000000dfd00000,0x00000000dfd00000,0x00000000e0800000)
  to   space 12288K, 0% used [0x00000000df100000,0x00000000df100000,0x00000000dfd00000)
 ParOldGen       total 102912K, used 21165K [0x0000000081800000, 0x0000000087c80000, 0x00000000d5d80000)
  object space 102912K, 20% used [0x0000000081800000,0x0000000082cab778,0x0000000087c80000)
 Metaspace       used 46472K, capacity 46934K, committed 47272K, reserved 1089536K
  class space    used 6101K, capacity 6204K, committed 6312K, reserved 1048576K
Event: 6.128 GC heap after
Heap after GC invocations=11 (full 2):
 PSYoungGen      total 163328K, used 12275K [0x00000000d5d80000, 0x00000000e3180000, 0x0000000100000000)
  eden space 151040K, 0% used [0x00000000d5d80000,0x00000000d5d80000,0x00000000df100000)
  from space 12288K, 99% used [0x00000000df100000,0x00000000dfcfcd80,0x00000000dfd00000)
  to   space 14336K, 0% used [0x00000000e2380000,0x00000000e2380000,0x00000000e3180000)
 ParOldGen       total 102912K, used 23318K [0x0000000081800000, 0x0000000087c80000, 0x00000000d5d80000)
  object space 102912K, 22% used [0x0000000081800000,0x0000000082ec5ac0,0x0000000087c80000)
 Metaspace       used 46472K, capacity 46934K, committed 47272K, reserved 1089536K
  class space    used 6101K, capacity 6204K, committed 6312K, reserved 1048576K
}
Event: 7.246 GC heap before
{Heap before GC invocations=12 (full 2):
 PSYoungGen      total 163328K, used 163315K [0x00000000d5d80000, 0x00000000e3180000, 0x0000000100000000)
  eden space 151040K, 100% used [0x00000000d5d80000,0x00000000df100000,0x00000000df100000)
  from space 12288K, 99% used [0x00000000df100000,0x00000000dfcfcd80,0x00000000dfd00000)
  to   space 14336K, 0% used [0x00000000e2380000,0x00000000e2380000,0x00000000e3180000)
 ParOldGen       total 102912K, used 23318K [0x0000000081800000, 0x0000000087c80000, 0x00000000d5d80000)
  object space 102912K, 22% used [0x0000000081800000,0x0000000082ec5ac0,0x0000000087c80000)
 Metaspace       used 51599K, capacity 52114K, committed 52520K, reserved 1095680K
  class space    used 6777K, capacity 6902K, committed 6952K, reserved 1048576K
Event: 7.267 GC heap after
Heap after GC invocations=12 (full 2):
 PSYoungGen      total 201728K, used 14082K [0x00000000d5d80000, 0x00000000e3400000, 0x0000000100000000)
  eden space 187392K, 0% used [0x00000000d5d80000,0x00000000d5d80000,0x00000000e1480000)
  from space 14336K, 98% used [0x00000000e2380000,0x00000000e31409e0,0x00000000e3180000)
  to   space 15360K, 0% used [0x00000000e1480000,0x00000000e1480000,0x00000000e2380000)
 ParOldGen       total 102912K, used 23326K [0x0000000081800000, 0x0000000087c80000, 0x00000000d5d80000)
  object space 102912K, 22% used [0x0000000081800000,0x0000000082ec7ac0,0x0000000087c80000)
 Metaspace       used 51599K, capacity 52114K, committed 52520K, reserved 1095680K
  class space    used 6777K, capacity 6902K, committed 6952K, reserved 1048576K
}
Event: 2136.159 GC heap before
{Heap before GC invocations=13 (full 2):
 PSYoungGen      total 201728K, used 201474K [0x00000000d5d80000, 0x00000000e3400000, 0x0000000100000000)
  eden space 187392K, 100% used [0x00000000d5d80000,0x00000000e1480000,0x00000000e1480000)
  from space 14336K, 98% used [0x00000000e2380000,0x00000000e31409e0,0x00000000e3180000)
  to   space 15360K, 0% used [0x00000000e1480000,0x00000000e1480000,0x00000000e2380000)
 ParOldGen       total 102912K, used 23326K [0x0000000081800000, 0x0000000087c80000, 0x00000000d5d80000)
  object space 102912K, 22% used [0x0000000081800000,0x0000000082ec7ac0,0x0000000087c80000)
 Metaspace       used 57023K, capacity 57560K, committed 58152K, reserved 1099776K
  class space    used 7473K, capacity 7603K, committed 7720K, reserved 1048576K
Event: 2136.185 GC heap after
Heap after GC invocations=13 (full 2):
 PSYoungGen      total 202752K, used 15356K [0x00000000d5d80000, 0x00000000e5d80000, 0x0000000100000000)
  eden space 187392K, 0% used [0x00000000d5d80000,0x00000000d5d80000,0x00000000e1480000)
  from space 15360K, 99% used [0x00000000e1480000,0x00000000e237f028,0x00000000e2380000)
  to   space 17920K, 0% used [0x00000000e4c00000,0x00000000e4c00000,0x00000000e5d80000)
 ParOldGen       total 102912K, used 26019K [0x0000000081800000, 0x0000000087c80000, 0x00000000d5d80000)
  object space 102912K, 25% used [0x0000000081800000,0x0000000083168fa8,0x0000000087c80000)
 Metaspace       used 57023K, capacity 57560K, committed 58152K, reserved 1099776K
  class space    used 7473K, capacity 7603K, committed 7720K, reserved 1048576K
}

